[2019-08-05|15:56:03|[0mIFO[0m]: Waiting for shutdown of all modules...
[2019-08-05|15:56:03|[0mIFO[0m]: All modules exited successfully
[2019-08-05|15:56:21|[0mIFO[0m]: Created directory log
[2019-08-05|15:56:21|[0mIFO[0m]: Log initialized
[2019-08-05|15:56:21|N/A]: Version Maestro 0.1.x
[2019-08-05|15:56:21|[0mIFO[0m]: Central started
[2019-08-05|15:56:21|[0mIFO[0m]: About to enter mq init
[2019-08-05|15:56:21|[0mIFO[0m]: Awaiting shutdown signal...
[2019-08-05|16:01:20|[0mIFO[0m]: Waiting for shutdown of all modules...
[2019-08-05|16:01:20|[0mIFO[0m]: All modules exited successfully
[2019-08-05|16:01:26|[0mIFO[0m]: Created directory log
[2019-08-05|16:01:26|[0mIFO[0m]: Log initialized
[2019-08-05|16:01:26|N/A]: Version Maestro 0.1.x
[2019-08-05|16:01:26|[0mIFO[0m]: Central started
[2019-08-05|16:01:26|[0mIFO[0m]: About to enter mq init
[2019-08-05|16:01:26|[0mIFO[0m]: Awaiting shutdown signal...
[2019-08-05|16:01:50|[0mIFO[0m]: Waiting for shutdown of all modules...
[2019-08-05|16:01:50|[0mIFO[0m]: All modules exited successfully
[2019-08-05|16:01:54|[0mIFO[0m]: Created directory log
[2019-08-05|16:01:54|[0mIFO[0m]: Log initialized
[2019-08-05|16:01:54|N/A]: Version Maestro 0.1.x
[2019-08-05|16:01:54|[0mIFO[0m]: Central started
[2019-08-05|16:01:54|[0mIFO[0m]: About to enter mq init
[2019-08-05|16:01:54|[0mIFO[0m]: Awaiting shutdown signal...
[2019-08-05|16:02:11|[0mIFO[0m]: Waiting for shutdown of all modules...
[2019-08-05|16:02:11|[0mIFO[0m]: All modules exited successfully
[2019-08-05|16:02:45|[0mIFO[0m]: Created directory log
[2019-08-05|16:02:45|[0mIFO[0m]: Log initialized
[2019-08-05|16:02:45|N/A]: Version Maestro 0.1.x
[2019-08-05|16:02:45|[0mIFO[0m]: Central started
[2019-08-05|16:02:45|[0mIFO[0m]: About to enter mq init
[2019-08-05|16:02:45|[0mIFO[0m]: Awaiting shutdown signal...
[2019-08-05|16:02:57|[0mIFO[0m]: Waiting for shutdown of all modules...
[2019-08-05|16:02:57|[0mIFO[0m]: All modules exited successfully
[2019-08-05|16:03:03|[0mIFO[0m]: Created directory log
[2019-08-05|16:03:03|[0mIFO[0m]: Log initialized
[2019-08-05|16:03:03|N/A]: Version Maestro 0.1.x
[2019-08-05|16:03:03|[0mIFO[0m]: Central started
[2019-08-05|16:03:03|[0mIFO[0m]: About to enter mq init
[2019-08-05|16:03:03|[0mIFO[0m]: Awaiting shutdown signal...
[2019-08-05|16:03:25|[0mIFO[0m]: Waiting for shutdown of all modules...
[2019-08-05|16:03:25|[0mIFO[0m]: All modules exited successfully
