[2019-08-05|15:56:03|[33mWRN[0m]: Caught keyboard interrupt
[2019-08-05|15:56:03|[33mWRN[0m]: Attempted to release message bus slot when none was claimed
[2019-08-05|15:56:03|[0mIFO[0m]: Logger exiting
[2019-08-05|15:56:21|[0mIFO[0m]: Created directory log
[2019-08-05|15:56:21|[0mIFO[0m]: Log initialized
[2019-08-05|15:56:21|[0mIFO[0m]: Logger task running with PID: 10695
[2019-08-05|16:01:20|[33mWRN[0m]: Caught keyboard interrupt
[2019-08-05|16:01:20|[33mWRN[0m]: Attempted to release message bus slot when none was claimed
[2019-08-05|16:01:20|[0mIFO[0m]: Logger exiting
[2019-08-05|16:01:26|[0mIFO[0m]: Created directory log
[2019-08-05|16:01:26|[0mIFO[0m]: Log initialized
[2019-08-05|16:01:26|[0mIFO[0m]: Logger task running with PID: 11798
[2019-08-05|16:01:50|[33mWRN[0m]: Caught keyboard interrupt
[2019-08-05|16:01:50|[33mWRN[0m]: Attempted to release message bus slot when none was claimed
[2019-08-05|16:01:50|[0mIFO[0m]: Logger exiting
[2019-08-05|16:01:54|[0mIFO[0m]: Created directory log
[2019-08-05|16:01:54|[0mIFO[0m]: Log initialized
[2019-08-05|16:01:54|[0mIFO[0m]: Logger task running with PID: 11825
[2019-08-05|16:02:11|[33mWRN[0m]: Caught keyboard interrupt
[2019-08-05|16:02:11|[33mWRN[0m]: Attempted to release message bus slot when none was claimed
[2019-08-05|16:02:11|[0mIFO[0m]: Logger exiting
[2019-08-05|16:02:45|[0mIFO[0m]: Created directory log
[2019-08-05|16:02:45|[0mIFO[0m]: Log initialized
[2019-08-05|16:02:45|[0mIFO[0m]: Logger task running with PID: 11906
[2019-08-05|16:02:57|[33mWRN[0m]: Caught keyboard interrupt
[2019-08-05|16:02:57|[33mWRN[0m]: Attempted to release message bus slot when none was claimed
[2019-08-05|16:02:57|[0mIFO[0m]: Logger exiting
[2019-08-05|16:03:03|[0mIFO[0m]: Created directory log
[2019-08-05|16:03:03|[0mIFO[0m]: Log initialized
[2019-08-05|16:03:03|[0mIFO[0m]: Logger task running with PID: 11994
[2019-08-05|16:03:25|[33mWRN[0m]: Caught keyboard interrupt
[2019-08-05|16:03:25|[33mWRN[0m]: Attempted to release message bus slot when none was claimed
[2019-08-05|16:03:25|[0mIFO[0m]: Logger exiting
